<?xml version="1.0" encoding="UTF-8"?>
<!-- Generated by org.testng.reporters.JUnitXMLReporter -->
<testsuite ignored="0" hostname="DESKTOP-9P43CVK" failures="0" tests="4" name="Test" time="14.461" errors="0" timestamp="2021-03-10T14:03:43 CST">
  <testcase classname="HM.Clothes.HomePageTest" name="costumerServiceButtonTest" time="0.198"/>
  <testcase classname="HM.Clothes.HomePageTest" name="customerServicesButtonTest" time="1.584"/>
  <testcase classname="HM.Clothes.HomePageTest" name="studentDiscountButtonTest" time="5.349"/>
  <testcase classname="HM.Clothes.HomePageTest" name="getLoginValuesFromDataBase" time="2.441"/>
</testsuite> <!-- Test -->
