<?xml version="1.0" encoding="UTF-8"?>
<!-- Generated by org.testng.reporters.JUnitXMLReporter -->
<testsuite hostname="DESKTOP-9P43CVK" failures="0" tests="4" name="Test" time="20.232" errors="0" timestamp="2 Mar 2021 15:40:53 GMT">
  <testcase classname="HM.Clothes.HomePage" name="costumerServiceButtonTest" time="0.051"/>
  <testcase classname="HM.Clothes.CustomerServices" name="customerServicesButtonTest" time="0.707"/>
  <testcase classname="HM.Clothes.LoginPageTest" name="getLogin" time="0.711"/>
  <testcase classname="HM.Clothes.StudentDiscount" name="studentDiscountButtonTest" time="2.156"/>
</testsuite> <!-- Test -->
