<?xml version="1.0" encoding="UTF-8"?>
<testsuite xmlns:xsi="http://www.w3.org/2001/XMLSchema-instance" xsi:noNamespaceSchemaLocation="https://maven.apache.org/surefire/maven-surefire-plugin/xsd/surefire-test-report-3.0.xsd" version="3.0" name="TestSuite" time="20.772" tests="4" errors="0" skipped="0" failures="0">
  <properties>
[...]
</properties>
  <testcase name="costumerServiceButtonTest" classname="HM.Clothes.HomePage" time="0.042">
    <system-out><![CDATA[Image height: 44px
Image width: 68px
Image background-size:auto
]]></system-out>
    <system-err><![CDATA[1614699633805	geckodriver	INFO	Listening on 127.0.0.1:34866
1614699634432	mozrunner::runner	INFO	Running command: "C:\\Program Files\\Mozilla Firefox\\firefox.exe" "--marionette" "-foreground" "-no-remote" "-profile" "C:\\Users\\maras\\AppData\\Local\\Temp\\rust_mozprofileAuu5g9"
console.warn: SearchSettings: "get: No settings file exists, new profile?" (new Error("", "(unknown module)"))
console.warn: SearchSettings: "get: No settings file exists, new profile?" (new Error("", "(unknown module)"))
1614699635894	Marionette	INFO	Listening on port 51821
1614699635981	Marionette	WARN	TLS certificate errors will be ignored for this session
1614699635987	Marionette	ERROR	[15] No reply from Marionette:Register
Mar 02, 2021 9:40:35 AM org.openqa.selenium.remote.ProtocolHandshake createSession
INFO: Detected dialect: W3C
JavaScript warning: https://www2.hm.com/etc.clientlibs/settings/wcm/designs/hm/clientlibs/shared/jquery.min.js, line 2: Using //@ to indicate sourceMappingURL pragmas is deprecated. Use //# instead
1614699637502	geckodriver	INFO	Listening on 127.0.0.1:8934
1614699638030	mozrunner::runner	INFO	Running command: "C:\\Program Files\\Mozilla Firefox\\firefox.exe" "--marionette" "-foreground" "-no-remote" "-profile" "C:\\Users\\maras\\AppData\\Local\\Temp\\rust_mozprofile7q5dQq"
console.warn: SearchSettings: "get: No settings file exists, new profile?" (new Error("", "(unknown module)"))
console.warn: SearchSettings: "get: No settings file exists, new profile?" (new Error("", "(unknown module)"))
1614699639554	Marionette	INFO	Listening on port 51944
1614699639575	Marionette	WARN	TLS certificate errors will be ignored for this session
1614699639585	Marionette	ERROR	[15] No reply from Marionette:Register
Mar 02, 2021 9:40:39 AM org.openqa.selenium.remote.ProtocolHandshake createSession
INFO: Detected dialect: W3C
JavaScript warning: https://www2.hm.com/etc.clientlibs/settings/wcm/designs/hm/clientlibs/shared/jquery.min.js, line 2: Using //@ to indicate sourceMappingURL pragmas is deprecated. Use //# instead
1614699640859	geckodriver	INFO	Listening on 127.0.0.1:30486
1614699641366	mozrunner::runner	INFO	Running command: "C:\\Program Files\\Mozilla Firefox\\firefox.exe" "--marionette" "-foreground" "-no-remote" "-profile" "C:\\Users\\maras\\AppData\\Local\\Temp\\rust_mozprofileVdlWhH"
console.warn: SearchSettings: "get: No settings file exists, new profile?" (new Error("", "(unknown module)"))
console.warn: SearchSettings: "get: No settings file exists, new profile?" (new Error("", "(unknown module)"))
1614699642851	Marionette	INFO	Listening on port 52097
1614699642920	Marionette	WARN	TLS certificate errors will be ignored for this session
1614699642927	Marionette	ERROR	[15] No reply from Marionette:Register
Mar 02, 2021 9:40:42 AM org.openqa.selenium.remote.ProtocolHandshake createSession
INFO: Detected dialect: W3C
JavaScript warning: https://www2.hm.com/etc.clientlibs/settings/wcm/designs/hm/clientlibs/shared/jquery.min.js, line 2: Using //@ to indicate sourceMappingURL pragmas is deprecated. Use //# instead
1614699644227	geckodriver	INFO	Listening on 127.0.0.1:16731
1614699644730	mozrunner::runner	INFO	Running command: "C:\\Program Files\\Mozilla Firefox\\firefox.exe" "--marionette" "-foreground" "-no-remote" "-profile" "C:\\Users\\maras\\AppData\\Local\\Temp\\rust_mozprofileVwUGxh"
console.warn: SearchSettings: "get: No settings file exists, new profile?" (new Error("", "(unknown module)"))
console.warn: SearchSettings: "get: No settings file exists, new profile?" (new Error("", "(unknown module)"))
1614699646279	Marionette	INFO	Listening on port 52240
1614699646776	Marionette	WARN	TLS certificate errors will be ignored for this session
1614699646784	Marionette	ERROR	[15] No reply from Marionette:Register
Mar 02, 2021 9:40:46 AM org.openqa.selenium.remote.ProtocolHandshake createSession
INFO: Detected dialect: W3C
JavaScript warning: https://www2.hm.com/etc.clientlibs/settings/wcm/designs/hm/clientlibs/shared/jquery.min.js, line 2: Using //@ to indicate sourceMappingURL pragmas is deprecated. Use //# instead
]]></system-err>
  </testcase>
  <testcase name="customerServicesButtonTest" classname="HM.Clothes.CustomerServices" time="0.712">
    <system-err><![CDATA[JavaScript warning: https://www2.hm.com/etc.clientlibs/settings/wcm/designs/hm/clientlibs/shared/jquery.min.js, line 2: Using //@ to indicate sourceMappingURL pragmas is deprecated. Use //# instead
]]></system-err>
  </testcase>
  <testcase name="getLogin" classname="HM.Clothes.LoginPageTest" time="0.702"/>
  <testcase name="studentDiscountButtonTest" classname="HM.Clothes.StudentDiscount" time="2.179">
    <system-err><![CDATA[JavaScript error: https://hm-us.inq.com/tagserver/js/ads-blocking-detector.js, line 149: TypeError: window.document.body is null
JavaScript warning: https://www2.hm.com/etc.clientlibs/settings/wcm/designs/hm/clientlibs/shared/jquery.min.js, line 2: Using //@ to indicate sourceMappingURL pragmas is deprecated. Use //# instead
JavaScript warning: https://www.myunidays.com/sha256-d32I77gKQALkC1I_ouZ2snHnaPTtj3YncSogbGPe5xE..js, line 3: unreachable code after return statement
JavaScript warning: https://www.myunidays.com/sha256-d32I77gKQALkC1I_ouZ2snHnaPTtj3YncSogbGPe5xE..js, line 3: unreachable code after return statement
JavaScript warning: https://www.myunidays.com/sha256-d32I77gKQALkC1I_ouZ2snHnaPTtj3YncSogbGPe5xE..js, line 3: unreachable code after return statement
]]></system-err>
  </testcase>
</testsuite>