<?xml version="1.0" encoding="UTF-8"?>
<testng-results ignored="0" total="2" passed="2" failed="0" skipped="0">
  <reporter-output>
  </reporter-output>
  <suite started-at="2021-03-24T14:10:57 CDT" name="Default suite" finished-at="2021-03-24T14:11:03 CDT" duration-ms="6371">
    <groups>
    </groups>
    <test started-at="2021-03-24T14:10:57 CDT" name="Default test" finished-at="2021-03-24T14:11:03 CDT" duration-ms="6371">
      <class name="HM.Clothes.HomePageTest">
        <test-method is-config="true" signature="initialize()[pri:0, instance:HM.Clothes.HomePageTest@b78a709]" started-at="2021-03-24T14:10:57 CDT" name="initialize" finished-at="2021-03-24T14:11:00 CDT" duration-ms="3840" status="PASS">
          <reporter-output>
          </reporter-output>
        </test-method> <!-- initialize -->
        <test-method is-config="true" signature="setUp()[pri:0, instance:HM.Clothes.HomePageTest@b78a709]" started-at="2021-03-24T14:11:00 CDT" name="setUp" finished-at="2021-03-24T14:11:01 CDT" duration-ms="203" status="PASS">
          <reporter-output>
          </reporter-output>
        </test-method> <!-- setUp -->
        <test-method signature="costumerServiceButtonTest()[pri:0, instance:HM.Clothes.HomePageTest@b78a709]" started-at="2021-03-24T14:11:01 CDT" name="costumerServiceButtonTest" finished-at="2021-03-24T14:11:01 CDT" duration-ms="117" status="PASS">
          <reporter-output>
          </reporter-output>
        </test-method> <!-- costumerServiceButtonTest -->
        <test-method signature="getLoginValuesFromDataBase()[pri:0, instance:HM.Clothes.HomePageTest@b78a709]" started-at="2021-03-24T14:11:01 CDT" name="getLoginValuesFromDataBase" finished-at="2021-03-24T14:11:02 CDT" duration-ms="1590" status="PASS">
          <reporter-output>
          </reporter-output>
        </test-method> <!-- getLoginValuesFromDataBase -->
        <test-method is-config="true" signature="ConnectiontearDown()[pri:0, instance:HM.Clothes.HomePageTest@b78a709]" started-at="2021-03-24T14:11:02 CDT" name="ConnectiontearDown" finished-at="2021-03-24T14:11:02 CDT" duration-ms="2" status="PASS">
          <reporter-output>
          </reporter-output>
        </test-method> <!-- ConnectiontearDown -->
        <test-method is-config="true" signature="tearDown()[pri:0, instance:HM.Clothes.HomePageTest@b78a709]" started-at="2021-03-24T14:11:02 CDT" name="tearDown" finished-at="2021-03-24T14:11:03 CDT" duration-ms="601" status="PASS">
          <reporter-output>
          </reporter-output>
        </test-method> <!-- tearDown -->
      </class> <!-- HM.Clothes.HomePageTest -->
    </test> <!-- Default test -->
  </suite> <!-- Default suite -->
</testng-results>
